<?xml version="1.0" encoding="UTF-8"?>
<!-- Generated by org.testng.reporters.JUnitReportReporter -->
<testsuite hostname="IN23GELML253YHG" failures="0" tests="1" name="com.inetbanking.testCases.TC_LoginTest_2" time="4.446" errors="0" timestamp="2021-05-15T00:07:30 IST" skipped="0">
  <testcase classname="com.inetbanking.testCases.TC_LoginTest_2" name="loginTest" time="4.446"/>
  <system-out/>
</testsuite> <!-- com.inetbanking.testCases.TC_LoginTest_2 -->
