<?xml version="1.0" encoding="UTF-8"?>
<!-- Generated by org.testng.reporters.JUnitReportReporter -->
<testsuite skipped="0" hostname="IN23GELML253YHG" name="com.inetbanking.testCases.TC_LoginTest_001" tests="1" failures="0" timestamp="2021-05-21T18:35:24 IST" time="3.692" errors="0">
  <testcase name="loginTest" time="3.692" classname="com.inetbanking.testCases.TC_LoginTest_001"/>
  <system-out/>
</testsuite> <!-- com.inetbanking.testCases.TC_LoginTest_001 -->
